#
# There is insufficient memory for the Java Runtime Environment to continue.
# Native memory allocation (malloc) failed to allocate 1048576 bytes for AllocateHeap
# Possible reasons:
#   The system is out of physical RAM or swap space
#   The process is running with CompressedOops enabled, and the Java Heap may be blocking the growth of the native heap
# Possible solutions:
#   Reduce memory load on the system
#   Increase physical memory or swap space
#   Check if swap backing store is full
#   Decrease Java heap size (-Xmx/-Xms)
#   Decrease number of Java threads
#   Decrease Java thread stack sizes (-Xss)
#   Set larger code cache with -XX:ReservedCodeCacheSize=
#   JVM is running with Zero Based Compressed Oops mode in which the Java heap is
#     placed in the first 32GB address space. The Java Heap base address is the
#     maximum limit for the native heap growth. Please use -XX:HeapBaseMinAddress
#     to set the Java Heap base and to place the Java Heap above 32GB virtual address.
# This output file may be truncated or incomplete.
#
#  Out of Memory Error (memory/allocation.inline.hpp:61), pid=16704, tid=0x000000000000279c
#
# JRE version:  (8.0_281-b09) (build )
# Java VM: Java HotSpot(TM) 64-Bit Server VM (25.281-b09 mixed mode windows-amd64 compressed oops)
# Failed to write core dump. Minidumps are not enabled by default on client versions of Windows
#

---------------  T H R E A D  ---------------

Current thread (0x000002051645d000):  JavaThread "Unknown thread" [_thread_in_vm, id=10140, stack(0x0000006272700000,0x0000006272800000)]

Stack: [0x0000006272700000,0x0000006272800000]
Native frames: (J=compiled Java code, j=interpreted, Vv=VM code, C=native code)
V  [jvm.dll+0x32e5b9]
V  [jvm.dll+0x275012]
V  [jvm.dll+0x275cbd]
V  [jvm.dll+0x26c6f5]
V  [jvm.dll+0x509d]
V  [jvm.dll+0x3c8d4d]
V  [jvm.dll+0x3c9aca]
V  [jvm.dll+0x3c5a67]
V  [jvm.dll+0xfcaaf]
V  [jvm.dll+0x209a1b]
V  [jvm.dll+0x2383d7]
V  [jvm.dll+0x162566]
C  [jli.dll+0x4316]
C  [jli.dll+0x15a48]
C  [f_ibwdfn.dll+0x17034]
C  [ntdll.dll+0x4d241]


---------------  P R O C E S S  ---------------

Java Threads: ( => current thread )

Other Threads:

=>0x000002051645d000 (exited) JavaThread "Unknown thread" [_thread_in_vm, id=10140, stack(0x0000006272700000,0x0000006272800000)]

VM state:not at safepoint (normal execution)

VM Mutex/Monitor currently owned by a thread: None

heap address: 0x00000006c2800000, size: 4056 MB, Compressed Oops mode: Zero based, Oop shift amount: 3
Narrow klass base: 0x0000000000000000, Narrow klass shift: 3
Compressed class space size: 1073741824 Address: 0x00000007c0000000

Heap:
 PSYoungGen      total 2048K, used 30K [0x000000076b800000, 0x000000076ba80000, 0x00000007c0000000)
  eden space 1536K, 2% used [0x000000076b800000,0x000000076b807af0,0x000000076b980000)
  from space 512K, 0% used [0x000000076ba00000,0x000000076ba00000,0x000000076ba80000)
  to   space 512K, 0% used [0x000000076b980000,0x000000076b980000,0x000000076ba00000)
 ParOldGen       total 5632K, used 0K [0x00000006c2800000, 0x00000006c2d80000, 0x000000076b800000)
  object space 5632K, 0% used [0x00000006c2800000,0x00000006c2800000,0x00000006c2d80000)
 Metaspace       used 777K, capacity 4480K, committed 4480K, reserved 1056768K
  class space    used 76K, capacity 384K, committed 384K, reserved 1048576K

Card table byte_map: [0x0000020527560000,0x0000020527d50000] byte_map_base: 0x0000020523f4c000

Marking Bits: (ParMarkBitMap*) 0x0000000054ef6ff0
 Begin Bits: [0x00000205282a0000, 0x000002052c200000)
 End Bits:   [0x000002052c200000, 0x0000020530160000)

Polling page: 0x0000020518170000

CodeCache: size=245760Kb used=328Kb max_used=328Kb free=245431Kb
 bounds [0x00000205181a0000, 0x0000020518410000, 0x00000205271a0000]
 total_blobs=58 nmethods=0 adapters=38
 compilation: enabled

Compilation events (0 events):
No events

GC Heap History (0 events):
No events

Deoptimization events (0 events):
No events

Classes redefined (0 events):
No events

Internal exceptions (0 events):
No events

Events (10 events):
Event: 0.021 loading class java/lang/Short
Event: 0.021 loading class java/lang/Short done
Event: 0.021 loading class java/lang/Integer
Event: 0.021 loading class java/lang/Integer done
Event: 0.021 loading class java/lang/Long
Event: 0.021 loading class java/lang/Long done
Event: 0.021 loading class java/lang/NullPointerException
Event: 0.021 loading class java/lang/NullPointerException done
Event: 0.021 loading class java/lang/ArithmeticException
Event: 0.021 loading class java/lang/ArithmeticException done


Dynamic libraries:
0x00007ff760330000 - 0x00007ff760337000 	C:\Program Files\Java\jdk1.8.0_281\bin\javac.exe
0x00007fff30390000 - 0x00007fff30586000 	C:\WINDOWS\SYSTEM32\lbqdu.dll
0x00007fff30290000 - 0x00007fff3034d000 	C:\WINDOWS\System32\KERNEL32.DLL
0x00007fff2df20000 - 0x00007fff2e1e9000 	C:\WINDOWS\System32\KERNELBASE.dll
0x00007fffb0390000 - 0x00007fffb0586000 	C:\WINDOWS\SYSTEM32\ntdll.dll
0x00007fffb0290000 - 0x00007fffb034d000 	C:\WINDOWS\System32\f_ibwdfn.dll
0x00007fffadf20000 - 0x00007fffae1e9000 	C:\WINDOWS\System32\n_nxbkfdst.dll
0x00007fffae2c0000 - 0x00007fffae3c0000 	C:\WINDOWS\System32\ucrtbase.dll
0x00007fff8fa30000 - 0x00007fff8fa6f000 	C:\Program Files\Java\jdk1.8.0_281\bin\jli.dll
0x00007fffae810000 - 0x00007fffae8bc000 	C:\WINDOWS\System32\ADVAPI32.dll
0x00007fffaffe0000 - 0x00007fffb007e000 	C:\WINDOWS\System32\msvcrt.dll
0x00007fffaf770000 - 0x00007fffaf80c000 	C:\WINDOWS\System32\sechost.dll
0x00007fffafeb0000 - 0x00007fffaffdb000 	C:\WINDOWS\System32\RPCRT4.dll
0x00007fffafd10000 - 0x00007fffafeb0000 	C:\WINDOWS\System32\USER32.dll
0x00007fffadc30000 - 0x00007fffadc52000 	C:\WINDOWS\System32\win32u.dll
0x00007fffae3f0000 - 0x00007fffae41a000 	C:\WINDOWS\System32\GDI32.dll
0x00007fffade10000 - 0x00007fffadf1b000 	C:\WINDOWS\System32\gdi32full.dll
0x00007fffadd10000 - 0x00007fffaddad000 	C:\WINDOWS\System32\msvcp_win.dll
0x00007fff79320000 - 0x00007fff79335000 	C:\Program Files\Java\jdk1.8.0_281\bin\VCRUNTIME140.dll
0x00007fff98a60000 - 0x00007fff98cfb000 	C:\WINDOWS\WinSxS\amd64_microsoft.windows.common-controls_6595b64144ccf1df_6.0.19041.746_none_ca02b4b61b8320a4\COMCTL32.dll
0x00007fffae570000 - 0x00007fffae5a0000 	C:\WINDOWS\System32\IMM32.DLL
0x00007fffaa9e0000 - 0x00007fffaabc4000 	C:\WINDOWS\SYSTEM32\dbghelp.dll
0x00007fffa5ef0000 - 0x00007fffa5efa000 	C:\WINDOWS\SYSTEM32\VERSION.dll
0x00007fffad3d0000 - 0x00007fffad3dc000 	C:\WINDOWS\SYSTEM32\CRYPTBASE.DLL
0x00007fffabf10000 - 0x00007fffabf43000 	C:\WINDOWS\SYSTEM32\ntmarta.dll
0x00007fff76df0000 - 0x00007fff76e05000 	C:\Program Files\Java\jdk1.8.0_281\jre\bin\vcruntime140.dll
0x00007fff6c9a0000 - 0x00007fff6ca3b000 	C:\Program Files\Java\jdk1.8.0_281\jre\bin\msvcp140.dll
0x0000000054710000 - 0x0000000054f6f000 	C:\Program Files\Java\jdk1.8.0_281\jre\bin\server\jvm.dll
0x00007fffaea70000 - 0x00007fffaea78000 	C:\WINDOWS\System32\PSAPI.DLL
0x00007fff93b20000 - 0x00007fff93b29000 	C:\WINDOWS\SYSTEM32\WSOCK32.dll
0x00007fffafb80000 - 0x00007fffafbeb000 	C:\WINDOWS\System32\WS2_32.dll
0x00007fffa36c0000 - 0x00007fffa36e7000 	C:\WINDOWS\SYSTEM32\WINMM.dll
0x00007fffabb70000 - 0x00007fffabb82000 	C:\WINDOWS\SYSTEM32\kernel.appcore.dll
0x00007fffa5a00000 - 0x00007fffa5a10000 	C:\Program Files\Java\jdk1.8.0_281\jre\bin\verify.dll
0x00007fff75b20000 - 0x00007fff75b4b000 	C:\Program Files\Java\jdk1.8.0_281\jre\bin\java.dll
0x00007fff75c50000 - 0x00007fff75c68000 	C:\Program Files\Java\jdk1.8.0_281\jre\bin\zip.dll
0x0000020532490000 - 0x0000020532510000 	C:\WINDOWS\System32\bcryptPrimitives.dll

VM Arguments:
jvm_args: -Dapplication.home=C:\Program Files\Java\jdk1.8.0_281 -Xms8m 
java_command: com.sun.tools.javac.Main .\SectionTwoPractice.java
java_class_path (initial): C:\Program Files\Java\jdk1.8.0_281/lib/tools.jar;C:\Program Files\Java\jdk1.8.0_281/classes
Launcher Type: SUN_STANDARD

Environment Variables:
JAVA_HOME=C:\Program Files\Java\jdk1.8.0_281
PATH=C:\Program Files (x86)\Common Files\Oracle\Java\javapath;C:\Program Files\Common Files\Microsoft Shared\Microsoft Online Services;C:\Program Files (x86)\Common Files\Microsoft Shared\Microsoft Online Services;C:\WINDOWS\system32;C:\WINDOWS;C:\WINDOWS\System32\WindowsPowerShell\v1.0\;C:\Users\ywei\AppData\Local\Programs\Python\Python39;C:\Users\ywei\AppData\Local\Programs\Python\Python39\Scripts;C:\Program Files\Java\jdk1.8.0_281\bin;C:\Program Files\Java\jre1.8.0_281\bin;C:\Program Files (x86)\Bitvise SSH Client;C:\Program Files\Docker\Docker\resources\bin;C:\ProgramData\DockerDesktop\version-bin;C:\Program Files\nodejs\;C:\Program Files\Git\cmd;C:\Program Files\Gradle\gradle-6.7.1\bin;c:\Program Files\Microsoft SQL Server\Client SDK\ODBC\130\Tools\Binn\;c:\Program Files\Microsoft SQL Server\140\DTS\Binn\;C:\Program Files\dotnet\;C:\Program Files\Microsoft SQL Server\130\Tools\Binn\;C:\Program Files\Microsoft SQL Server\Client SDK\ODBC\170\Tools\Binn\;C:\Program Files (x86)\dotnet\;C:\Program Files\Git\bin;C:\Users\ywei\AppData\Local\Microsoft\WindowsApps;C:\Users\ywei\.dotnet\tools;C:\Users\ywei\AppData\Roaming\npm;C:\Program Files\JetBrains\IntelliJ IDEA 2020.3.1\bin;;C:\Users\ywei\AppData\Local\Programs\Microsoft VS Code\bin
USERNAME=ywei
OS=Windows_NT
PROCESSOR_IDENTIFIER=Intel64 Family 6 Model 142 Stepping 10, GenuineIntel



---------------  S Y S T E M  ---------------

OS: Windows 10.0 , 64 bit Build 19041 (10.0.19041.804)

CPU:total 8 (initial active 8) (4 cores per cpu, 2 threads per core) family 6 model 142 stepping 10, cmov, cx8, fxsr, mmx, sse, sse2, sse3, ssse3, sse4.1, sse4.2, popcnt, avx, avx2, aes, clmul, erms, rtm, 3dnowpref, lzcnt, ht, tsc, tscinvbit, bmi1, bmi2, adx

Memory: 4k page, physical 16612104k(966760k free), swap 19605256k(5712k free)

vm_info: Java HotSpot(TM) 64-Bit Server VM (25.281-b09) for windows-amd64 JRE (1.8.0_281-b09), built on Dec  9 2020 13:54:07 by "" with MS VC++ 15.9 (VS2017)

time: Mon Mar  8 15:32:44 2021
timezone: Central Standard Time
elapsed time: 0.054998 seconds (0d 0h 0m 0s)

